  Device_Status.cpp
Device_Status.cpp(26): warning C4293: '<<': shift count negative or too big, undefined behavior
Device_Status.cpp(27): warning C4293: '<<': shift count negative or too big, undefined behavior
Device_Status.cpp(35): warning C4244: 'initializing': conversion from '__int64' to 'int', possible loss of data
Device_Status.cpp(36): warning C4244: 'initializing': conversion from '__int64' to 'int', possible loss of data
Device_Status.cpp(37): warning C4244: 'initializing': conversion from '__int64' to 'int', possible loss of data
Device_Status.cpp(82): warning C4996: 'strcpy': This function or variable may be unsafe. Consider using strcpy_s instead. To disable deprecation, use _CRT_SECURE_NO_WARNINGS. See online help for details.
  C:\Program Files (x86)\Windows Kits\10\Include\10.0.10240.0\ucrt\string.h(119): note: see declaration of 'strcpy'
Device_Status.cpp(124): warning C4244: '=': conversion from 'unsigned __int64' to 'unsigned int', possible loss of data
Device_Status.cpp(125): warning C4244: '=': conversion from 'unsigned __int64' to 'unsigned int', possible loss of data
Device_Status.cpp(126): warning C4244: '=': conversion from 'unsigned __int64' to 'unsigned int', possible loss of data
  Status_CPU_Memory_Disk.cpp
Status_CPU_Memory_Disk.cpp(123): warning C4018: '<': signed/unsigned mismatch
  stdafx.cpp
  Generating code
  13 of 15 functions (86.7%) were compiled, the rest were copied from previous compilation.
    0 functions were new in current compilation
    0 functions had inline decision re-evaluated but remain unchanged
  Finished generating code
  Status_CPU_Memory_Disk.vcxproj -> D:\Projects_lixiaoguang\GitHub_Projects\Check_CPU_Memory_Disk\Status_CPU_Memory_Disk\Release\Status_CPU_Memory_Disk.exe
  Status_CPU_Memory_Disk.vcxproj -> D:\Projects_lixiaoguang\GitHub_Projects\Check_CPU_Memory_Disk\Status_CPU_Memory_Disk\Release\Status_CPU_Memory_Disk.pdb (Full PDB)
